TN:
SF:/Users/sallos/Desktop/repo/BLE-Spike/src/polyfills.ts
FNF:0
FNH:0
LF:0
LH:0
BRF:0
BRH:0
end_of_record
TN:
SF:/Users/sallos/Desktop/repo/BLE-Spike/src/test.ts
FNF:0
FNH:0
DA:13,1
DA:18,1
DA:20,1
LF:3
LH:3
BRF:0
BRH:0
end_of_record
TN:
SF:/Users/sallos/Desktop/repo/BLE-Spike/src/zone-flags.ts
FNF:0
FNH:0
DA:5,1
LF:1
LH:1
BRF:0
BRH:0
end_of_record
TN:
SF:/Users/sallos/Desktop/repo/BLE-Spike/src/app/app.component.ts
FN:13,(anonymous_0)
FN:21,(anonymous_1)
FN:22,(anonymous_2)
FNF:3
FNH:3
FNDA:2,(anonymous_0)
FNDA:2,(anonymous_1)
FNDA:2,(anonymous_2)
DA:12,1
DA:14,2
DA:15,2
DA:16,2
DA:18,2
DA:22,2
DA:23,2
DA:24,2
LF:8
LH:8
BRF:0
BRH:0
end_of_record
TN:
SF:/Users/sallos/Desktop/repo/BLE-Spike/src/app/home/home.page.ts
FN:15,(anonymous_0)
FN:17,(anonymous_1)
FN:20,(anonymous_2)
FN:24,(anonymous_3)
FN:27,(anonymous_4)
FNF:5
FNH:1
FNDA:1,(anonymous_0)
FNDA:0,(anonymous_1)
FNDA:0,(anonymous_2)
FNDA:0,(anonymous_3)
FNDA:0,(anonymous_4)
DA:10,1
DA:14,1
DA:15,1
DA:18,0
DA:21,0
DA:22,0
DA:25,0
DA:28,0
DA:29,0
DA:30,0
DA:31,0
LF:11
LH:3
BRF:0
BRH:0
end_of_record
TN:
SF:/Users/sallos/Desktop/repo/BLE-Spike/src/services/ble/ble.ts
FN:13,(anonymous_0)
FN:16,(anonymous_1)
FN:19,(anonymous_2)
FN:23,(anonymous_3)
FN:26,(anonymous_4)
FN:32,(anonymous_5)
FN:35,(anonymous_6)
FN:36,(anonymous_7)
FN:40,(anonymous_8)
FN:44,(anonymous_9)
FN:53,(anonymous_10)
FN:56,(anonymous_11)
FN:60,(anonymous_12)
FN:67,(anonymous_13)
FN:69,(anonymous_14)
FN:70,(anonymous_15)
FN:77,(anonymous_16)
FN:80,(anonymous_17)
FN:83,(anonymous_18)
FN:86,(anonymous_19)
FN:88,(anonymous_20)
FN:95,(anonymous_21)
FN:97,(anonymous_22)
FN:101,(anonymous_23)
FNF:24
FNH:22
FNDA:13,(anonymous_0)
FNDA:2,(anonymous_1)
FNDA:2,(anonymous_2)
FNDA:1,(anonymous_3)
FNDA:1,(anonymous_4)
FNDA:2,(anonymous_5)
FNDA:1,(anonymous_6)
FNDA:1,(anonymous_7)
FNDA:0,(anonymous_8)
FNDA:1,(anonymous_9)
FNDA:2,(anonymous_10)
FNDA:1,(anonymous_11)
FNDA:1,(anonymous_12)
FNDA:2,(anonymous_13)
FNDA:1,(anonymous_14)
FNDA:1,(anonymous_15)
FNDA:0,(anonymous_16)
FNDA:2,(anonymous_17)
FNDA:1,(anonymous_18)
FNDA:1,(anonymous_19)
FNDA:1,(anonymous_20)
FNDA:2,(anonymous_21)
FNDA:1,(anonymous_22)
FNDA:1,(anonymous_23)
DA:4,1
DA:6,1
DA:7,13
DA:8,13
DA:9,13
DA:10,13
DA:11,13
DA:12,13
DA:13,13
DA:17,2
DA:18,2
DA:19,2
DA:21,2
DA:24,1
DA:25,1
DA:26,1
DA:27,1
DA:28,1
DA:33,2
DA:34,2
DA:35,1
DA:36,1
DA:41,0
DA:45,1
DA:46,1
DA:47,1
DA:48,1
DA:50,1
DA:55,2
DA:57,1
DA:58,1
DA:61,1
DA:62,1
DA:68,2
DA:69,1
DA:71,1
DA:72,1
DA:78,0
DA:81,2
DA:84,1
DA:87,1
DA:88,1
DA:89,1
DA:90,1
DA:96,2
DA:98,1
DA:99,1
DA:103,1
DA:104,1
LF:49
LH:47
BRDA:48,0,0,1
BRDA:48,0,1,0
BRF:2
BRH:1
end_of_record
